<?xml version="1.0" encoding="UTF-8"?>
<testng-results skipped="0" failed="0" ignored="0" total="1" passed="1">
  <reporter-output>
  </reporter-output>
  <suite name="NIProd" duration-ms="24" started-at="2018-09-21T06:45:57Z" finished-at="2018-09-21T06:45:57Z">
    <groups>
    </groups>
    <test name="NI Test - Sanity" duration-ms="24" started-at="2018-09-21T06:45:57Z" finished-at="2018-09-21T06:45:57Z">
      <class name="TestClass">
        <test-method status="PASS" signature="testMethod()[pri:0, instance:TestClass@19dfb72a]" name="testMethod" duration-ms="5" started-at="2018-09-21T06:45:57Z" finished-at="2018-09-21T06:45:57Z">
          <reporter-output>
          </reporter-output>
        </test-method> <!-- testMethod -->
      </class> <!-- TestClass -->
    </test> <!-- NI Test - Sanity -->
  </suite> <!-- NIProd -->
</testng-results>
